# JRE version: OpenJDK Runtime Environment (7.0_75-b13) (build 1.7.0_75-b13)
# Java VM: OpenJDK 64-Bit Server VM (24.75-b04 mixed mode linux-amd64 compressed oops)
Heap
 PSYoungGen      total 150016K, used 10236K [0x00000000eaa80000, 0x00000000f4a00000, 0x0000000100000000)
  eden space 139776K, 0% used [0x00000000eaa80000,0x00000000eaa80000,0x00000000f3300000)
  from space 10240K, 99% used [0x00000000f3300000,0x00000000f3cff3f0,0x00000000f3d00000)
  to   space 7168K, 0% used [0x00000000f3d00000,0x00000000f3d00000,0x00000000f4400000)
 ParOldGen       total 40960K, used 32004K [0x00000000c0000000, 0x00000000c2800000, 0x00000000eaa80000)
  object space 40960K, 78% used [0x00000000c0000000,0x00000000c1f41018,0x00000000c2800000)
 PSPermGen       total 38912K, used 38721K [0x00000000b0000000, 0x00000000b2600000, 0x00000000c0000000)
  object space 38912K, 99% used [0x00000000b0000000,0x00000000b25d05b8,0x00000000b2600000)
GC Heap History (10 events):
Event: 30.329 GC heap after
Heap after GC invocations=14 (full 0):
 PSYoungGen      total 69632K, used 1490K [0x00000000eaa80000, 0x00000000ef580000, 0x0000000100000000)
  eden space 63488K, 0% used [0x00000000eaa80000,0x00000000eaa80000,0x00000000ee880000)
  from space 6144K, 24% used [0x00000000eef80000,0x00000000ef0f4a30,0x00000000ef580000)
  to   space 6656K, 0% used [0x00000000ee880000,0x00000000ee880000,0x00000000eef00000)
 ParOldGen       total 40960K, used 12511K [0x00000000c0000000, 0x00000000c2800000, 0x00000000eaa80000)
  object space 40960K, 30% used [0x00000000c0000000,0x00000000c0c37f08,0x00000000c2800000)
 PSPermGen       total 23040K, used 23027K [0x00000000b0000000, 0x00000000b1680000, 0x00000000c0000000)
  object space 23040K, 99% used [0x00000000b0000000,0x00000000b167cc10,0x00000000b1680000)
}
Event: 31.580 GC heap before
{Heap before GC invocations=15 (full 0):
 PSYoungGen      total 69632K, used 64978K [0x00000000eaa80000, 0x00000000ef580000, 0x0000000100000000)
  eden space 63488K, 100% used [0x00000000eaa80000,0x00000000ee880000,0x00000000ee880000)
  from space 6144K, 24% used [0x00000000eef80000,0x00000000ef0f4a30,0x00000000ef580000)
  to   space 6656K, 0% used [0x00000000ee880000,0x00000000ee880000,0x00000000eef00000)
 ParOldGen       total 40960K, used 12511K [0x00000000c0000000, 0x00000000c2800000, 0x00000000eaa80000)
  object space 40960K, 30% used [0x00000000c0000000,0x00000000c0c37f08,0x00000000c2800000)
 PSPermGen       total 23552K, used 23047K [0x00000000b0000000, 0x00000000b1700000, 0x00000000c0000000)
  object space 23552K, 97% used [0x00000000b0000000,0x00000000b1681f30,0x00000000b1700000)
Event: 31.591 GC heap after
Heap after GC invocations=15 (full 0):
 PSYoungGen      total 70144K, used 288K [0x00000000eaa80000, 0x00000000f1b00000, 0x0000000100000000)
  eden space 63488K, 0% used [0x00000000eaa80000,0x00000000eaa80000,0x00000000ee880000)
  from space 6656K, 4% used [0x00000000ee880000,0x00000000ee8c8000,0x00000000eef00000)
  to   space 6656K, 0% used [0x00000000f1480000,0x00000000f1480000,0x00000000f1b00000)
 ParOldGen       total 40960K, used 13770K [0x00000000c0000000, 0x00000000c2800000, 0x00000000eaa80000)
  object space 40960K, 33% used [0x00000000c0000000,0x00000000c0d72a78,0x00000000c2800000)
 PSPermGen       total 23552K, used 23047K [0x00000000b0000000, 0x00000000b1700000, 0x00000000c0000000)
  object space 23552K, 97% used [0x00000000b0000000,0x00000000b1681f30,0x00000000b1700000)
}
Event: 33.050 GC heap before
{Heap before GC invocations=16 (full 0):
 PSYoungGen      total 70144K, used 63776K [0x00000000eaa80000, 0x00000000f1b00000, 0x0000000100000000)
  eden space 63488K, 100% used [0x00000000eaa80000,0x00000000ee880000,0x00000000ee880000)
  from space 6656K, 4% used [0x00000000ee880000,0x00000000ee8c8000,0x00000000eef00000)
  to   space 6656K, 0% used [0x00000000f1480000,0x00000000f1480000,0x00000000f1b00000)
 ParOldGen       total 40960K, used 13770K [0x00000000c0000000, 0x00000000c2800000, 0x00000000eaa80000)
  object space 40960K, 33% used [0x00000000c0000000,0x00000000c0d72a78,0x00000000c2800000)
 PSPermGen       total 23552K, used 23053K [0x00000000b0000000, 0x00000000b1700000, 0x00000000c0000000)
  object space 23552K, 97% used [0x00000000b0000000,0x00000000b16837d0,0x00000000b1700000)
Event: 33.058 GC heap after
Heap after GC invocations=16 (full 0):
 PSYoungGen      total 108544K, used 256K [0x00000000eaa80000, 0x00000000f1b00000, 0x0000000100000000)
  eden space 101888K, 0% used [0x00000000eaa80000,0x00000000eaa80000,0x00000000f0e00000)
  from space 6656K, 3% used [0x00000000f1480000,0x00000000f14c0000,0x00000000f1b00000)
  to   space 6656K, 0% used [0x00000000f0e00000,0x00000000f0e00000,0x00000000f1480000)
 ParOldGen       total 40960K, used 13954K [0x00000000c0000000, 0x00000000c2800000, 0x00000000eaa80000)
  object space 40960K, 34% used [0x00000000c0000000,0x00000000c0da0a88,0x00000000c2800000)
 PSPermGen       total 23552K, used 23053K [0x00000000b0000000, 0x00000000b1700000, 0x00000000c0000000)
  object space 23552K, 97% used [0x00000000b0000000,0x00000000b16837d0,0x00000000b1700000)
}
Event: 36.501 GC heap before
{Heap before GC invocations=17 (full 0):
 PSYoungGen      total 108544K, used 102144K [0x00000000eaa80000, 0x00000000f1b00000, 0x0000000100000000)
  eden space 101888K, 100% used [0x00000000eaa80000,0x00000000f0e00000,0x00000000f0e00000)
  from space 6656K, 3% used [0x00000000f1480000,0x00000000f14c0000,0x00000000f1b00000)
  to   space 6656K, 0% used [0x00000000f0e00000,0x00000000f0e00000,0x00000000f1480000)
 ParOldGen       total 40960K, used 13954K [0x00000000c0000000, 0x00000000c2800000, 0x00000000eaa80000)
  object space 40960K, 34% used [0x00000000c0000000,0x00000000c0da0a88,0x00000000c2800000)
 PSPermGen       total 24576K, used 24213K [0x00000000b0000000, 0x00000000b1800000, 0x00000000c0000000)
  object space 24576K, 98% used [0x00000000b0000000,0x00000000b17a56e0,0x00000000b1800000)
Event: 36.511 GC heap after
Heap after GC invocations=17 (full 0):
 PSYoungGen      total 108544K, used 4625K [0x00000000eaa80000, 0x00000000f4400000, 0x0000000100000000)
  eden space 101888K, 0% used [0x00000000eaa80000,0x00000000eaa80000,0x00000000f0e00000)
  from space 6656K, 69% used [0x00000000f0e00000,0x00000000f12846a0,0x00000000f1480000)
  to   space 7168K, 0% used [0x00000000f3d00000,0x00000000f3d00000,0x00000000f4400000)
 ParOldGen       total 40960K, used 14150K [0x00000000c0000000, 0x00000000c2800000, 0x00000000eaa80000)
  object space 40960K, 34% used [0x00000000c0000000,0x00000000c0dd1a98,0x00000000c2800000)
 PSPermGen       total 24576K, used 24213K [0x00000000b0000000, 0x00000000b1800000, 0x00000000c0000000)
  object space 24576K, 98% used [0x00000000b0000000,0x00000000b17a56e0,0x00000000b1800000)
}
Event: 42.767 GC heap before
{Heap before GC invocations=18 (full 0):
 PSYoungGen      total 108544K, used 106513K [0x00000000eaa80000, 0x00000000f4400000, 0x0000000100000000)
  eden space 101888K, 100% used [0x00000000eaa80000,0x00000000f0e00000,0x00000000f0e00000)
  from space 6656K, 69% used [0x00000000f0e00000,0x00000000f12846a0,0x00000000f1480000)
  to   space 7168K, 0% used [0x00000000f3d00000,0x00000000f3d00000,0x00000000f4400000)
 ParOldGen       total 40960K, used 14150K [0x00000000c0000000, 0x00000000c2800000, 0x00000000eaa80000)
  object space 40960K, 34% used [0x00000000c0000000,0x00000000c0dd1a98,0x00000000c2800000)
 PSPermGen       total 31744K, used 31715K [0x00000000b0000000, 0x00000000b1f00000, 0x00000000c0000000)
  object space 31744K, 99% used [0x00000000b0000000,0x00000000b1ef8c38,0x00000000b1f00000)
Event: 42.808 GC heap after
Heap after GC invocations=18 (full 0):
 PSYoungGen      total 146944K, used 7150K [0x00000000eaa80000, 0x00000000f4a00000, 0x0000000100000000)
  eden space 139776K, 0% used [0x00000000eaa80000,0x00000000eaa80000,0x00000000f3300000)
  from space 7168K, 99% used [0x00000000f3d00000,0x00000000f43fb9b0,0x00000000f4400000)
  to   space 10240K, 0% used [0x00000000f3300000,0x00000000f3300000,0x00000000f3d00000)
 ParOldGen       total 40960K, used 19552K [0x00000000c0000000, 0x00000000c2800000, 0x00000000eaa80000)
  object space 40960K, 47% used [0x00000000c0000000,0x00000000c1318190,0x00000000c2800000)
 PSPermGen       total 31744K, used 31715K [0x00000000b0000000, 0x00000000b1f00000, 0x00000000c0000000)
  object space 31744K, 99% used [0x00000000b0000000,0x00000000b1ef8c38,0x00000000b1f00000)
}
Event: 104.138 GC heap before
{Heap before GC invocations=19 (full 0):
 PSYoungGen      total 146944K, used 146926K [0x00000000eaa80000, 0x00000000f4a00000, 0x0000000100000000)
  eden space 139776K, 100% used [0x00000000eaa80000,0x00000000f3300000,0x00000000f3300000)
  from space 7168K, 99% used [0x00000000f3d00000,0x00000000f43fb9b0,0x00000000f4400000)
  to   space 10240K, 0% used [0x00000000f3300000,0x00000000f3300000,0x00000000f3d00000)
 ParOldGen       total 40960K, used 19552K [0x00000000c0000000, 0x00000000c2800000, 0x00000000eaa80000)
  object space 40960K, 47% used [0x00000000c0000000,0x00000000c1318190,0x00000000c2800000)
 PSPermGen       total 38912K, used 38721K [0x00000000b0000000, 0x00000000b2600000, 0x00000000c0000000)
  object space 38912K, 99% used [0x00000000b0000000,0x00000000b25d05b8,0x00000000b2600000)

